/*C5*/SET SCHEMA PUBLIC
DISCONNECT
/*C6*/SET SCHEMA PUBLIC
DISCONNECT
/*C7*/SET SCHEMA PUBLIC
DISCONNECT
/*C8*/SET SCHEMA PUBLIC
INSERT INTO EVENTPOST VALUES('s1','EVE2','asda','sdasdasfsdf','OPEN','dfgfghfgh','2020-06-06',6,0,'.\src\Images\Screen Shot 2020-05-15 at 10.05.07 pm.png.jpg')
COMMIT
DISCONNECT
/*C9*/SET SCHEMA PUBLIC
DISCONNECT
/*C10*/SET SCHEMA PUBLIC
DISCONNECT
/*C11*/SET SCHEMA PUBLIC
DISCONNECT
/*C12*/SET SCHEMA PUBLIC
DISCONNECT
/*C13*/SET SCHEMA PUBLIC
INSERT INTO REPLY VALUES('s1','EVE2',NULL,NULL,'s4',1)
COMMIT
DISCONNECT
/*C14*/SET SCHEMA PUBLIC
DELETE FROM EVENTPOST WHERE POST_ID='EVE2'
INSERT INTO EVENTPOST VALUES('s1','EVE2','asda','sdasdasfsdf','OPEN','dfgfghfgh','2020-06-06',6,1,'.\src\Images\Screen Shot 2020-05-15 at 10.05.07 pm.png.jpg')
COMMIT
DISCONNECT
/*C15*/SET SCHEMA PUBLIC
DISCONNECT
/*C16*/SET SCHEMA PUBLIC
DISCONNECT
/*C17*/SET SCHEMA PUBLIC
DISCONNECT
/*C18*/SET SCHEMA PUBLIC
DISCONNECT
/*C19*/SET SCHEMA PUBLIC
DISCONNECT
/*C20*/SET SCHEMA PUBLIC
DISCONNECT
/*C21*/SET SCHEMA PUBLIC
DISCONNECT
/*C22*/SET SCHEMA PUBLIC
DISCONNECT
